<?xml version="1.0" encoding="UTF-8"?>
<!-- Generated by org.testng.reporters.JUnitReportReporter -->
<testsuite hostname="DESKTOP-HL06UGE" failures="0" tests="4" name="DesafioTecnicoSAM2" time="5.262" errors="0" timestamp="2024-02-07T13:51:20 ART" skipped="0">
  <testcase classname="DesafioTecnicoSAM2" name="searchToggleTest" time="1.412"/>
  <testcase classname="DesafioTecnicoSAM2" name="pageNumbersTest" time="2.549"/>
  <testcase classname="DesafioTecnicoSAM2" name="contactTest" time="1.274"/>
  <testcase classname="DesafioTecnicoSAM2" name="footerTest" time="0.027"/>
</testsuite> <!-- DesafioTecnicoSAM2 -->
